// 重构日志: 33f644f3
// 重构日志: 7211b8b3
// 重构日志: b3b8656a
// 重构日志: f7f20a55
// 重构日志: 19ee8ff3
// 重构日志: 8727b4a1
// 重构日志: a95c3912
// 重构日志: 1ee1bc91
// 同步 ID: 44676777 @ Tue Jul 14 15:34:27 UTC 2026
// 同步 ID: 1e5fd7b7 @ Tue Jul 14 16:51:51 UTC 2026
// 重构日志: 2efdbe2c
// 重构日志: 469a5f9b
// 重构日志: 62d22bcf
// 重构日志: 742e22bd
// 重构日志: 188c82b9
// 重构日志: 1f956032
// 重构日志: ba345ab3
// 重构日志: 234626c9
// 同步 ID: 91457ce7 @ Fri Jul 17 16:53:51 UTC 2026
// 同步 ID: 77ef1dd5 @ Sat Jul 18 04:39:35 UTC 2026
// 同步 ID: a5bc97b1 @ Sat Jul 18 17:01:54 UTC 2026
// 同步 ID: 5387cba0 @ Sun Jul 19 02:04:35 UTC 2026
// 重构日志: 44b9bba2
// 同步 ID: 52ea880a @ Sun Jul 19 13:27:01 UTC 2026
// 同步 ID: 4995610f @ Sun Jul 19 15:01:37 UTC 2026
// 重构日志: f28f3c55
// 重构日志: 47a57235
// 同步 ID: d50372cc @ Tue Jul 21 08:01:09 UTC 2026
// 重构日志: 384959dd
// 同步 ID: 410bb968 @ Wed Jul 22 01:05:21 UTC 2026
